 Image all-in-one-services Building 
 Image all-in-one-finance Building 
 Image all-in-one-wms Building 
 Image all-in-one-identity Building 
 Image all-in-one-api-hub Building 
 Image all-in-one-outbox-dispatcher Building 
 Image all-in-one-tms Building 
 Image all-in-one-health Building 
 Image all-in-one-marketplace Building 
 Image all-in-one-jobs Building 
 Image all-in-one-retention-worker Building 
 Image all-in-one-mobility Building 
 Image all-in-one-crm Building 
 Image all-in-one-delivery Building 
 Image all-in-one-erp Building 
#1 [internal] load local bake definitions
#1 reading from stdin 1.02kB
#1 reading from stdin 7.44kB 1.1s done
#1 DONE 2.9s
DeadlineExceeded: context deadline exceeded

